Exporter version: 6.2.1, Blender version: 2.80 (sub 75)
========= Conversion from Blender to Babylon.js =========
	Scene settings used :
		inline textures     :  false
		Material Type       :  PBR
		Positions Precision :  4
		Normals Precision   :  3
		UVs Precision       :  3
		Vert Color Precision:  3
		Mat Weight Precision:  2
		texture directory   :  C:\Users\User\Documents\GitHub\ricrobfanclubASSETS\ASSETS\
	Python World class constructor completed
	WARNING: No active camera has been assigned, or is not in a currently selected Blender layer
	processing begun of mesh:  Amygd
		processing begun of material:  Default.001
			processing texture LOWPOLYSTRIATUM_Default_color
				WARNING: Exception during copy:
					'C:\\Users\\User\\Documents\\GitHub\\ricrobfanclubASSETS\\ASSETS\\LOWPOLYSTRIATUM_Default_color.png' and 'C:\\Users\\User\\Documents\\GitHub\\ricrobfanclubASSETS\\ASSETS\\LOWPOLYSTRIATUM_Default_color.png' are the same file
				texture type:  diffuseTexture, mapped using: "UVMap"
		Custom split normals with tangents being used
		num positions      :  473
		num normals        :  473
		num tangents       :  1892
		num uvs            :  946
		num uvs2           :  0
		num colors         :  0
		num indices        :  2208
========= Writing of JSON file started =========
	writing mesh:  Amygd
========= Writing of JSON file completed =========
========= end of processing =========
elapsed time:  0 min, 0.087 secs
