Exporter version: 6.2.1, Blender version: 2.80 (sub 75)
========= Conversion from Blender to Babylon.js =========
	Scene settings used :
		inline textures     :  false
		Material Type       :  PBR
		Positions Precision :  4
		Normals Precision   :  3
		UVs Precision       :  3
		Vert Color Precision:  3
		Mat Weight Precision:  2
		texture directory   :  C:\Users\User\Documents\GitHub\ricrobfanclubASSETS\ventricles\
	Python World class constructor completed
	WARNING: No active camera has been assigned, or is not in a currently selected Blender layer
	processing begun of mesh:  brane
		processing begun of material:  default
			processing texture brane_default_nmap
				WARNING: Exception during copy:
					'C:\\Users\\User\\Documents\\GitHub\\ricrobfanclubASSETS\\ventricles\\brane_default_nmap.png' and 'C:\\Users\\User\\Documents\\GitHub\\ricrobfanclubASSETS\\ventricles\\brane_default_nmap.png' are the same file
				texture type:  bumpTexture, mapped using: "UVMap"
			processing texture brane_default_color
				WARNING: Exception during copy:
					'C:\\Users\\User\\Documents\\GitHub\\ricrobfanclubASSETS\\ventricles\\brane_default_color.png' and 'C:\\Users\\User\\Documents\\GitHub\\ricrobfanclubASSETS\\ventricles\\brane_default_color.png' are the same file
				texture type:  diffuseTexture, mapped using: "UVMap"
		Custom split normals with tangents being used
		num positions      :  20426
		num normals        :  20426
		num tangents       :  81704
		num uvs            :  40852
		num uvs2           :  0
		num colors         :  0
		num indices        :  66528
========= Writing of JSON file started =========
	writing mesh:  brane
========= Writing of JSON file completed =========
========= end of processing =========
elapsed time:  0 min, 4.3431 secs
